1759906083: mosquitto version 2.0.22 starting
1759906083: Config loaded from /mosquitto/config/mosquitto.conf.
1759906083: Opening ipv4 listen socket on port 1883.
1759906083: Opening ipv6 listen socket on port 1883.
1759906083: Opening websockets listen socket on port 9001.
1759906083: mosquitto version 2.0.22 running
1759906090: mosquitto version 2.0.22 starting
1759906090: Config loaded from /mosquitto/config/mosquitto.conf.
1759906090: Opening ipv4 listen socket on port 1883.
1759906090: Opening ipv6 listen socket on port 1883.
1759906090: Opening websockets listen socket on port 9001.
1759906090: mosquitto version 2.0.22 running
1759907891: Saving in-memory database to /mosquitto/data//mosquitto.db.
1759909692: Saving in-memory database to /mosquitto/data//mosquitto.db.
1759911336: mosquitto version 2.0.22 terminating
1759911336: Saving in-memory database to /mosquitto/data//mosquitto.db.
1759911357: mosquitto version 2.0.22 starting
1759911357: Config loaded from /mosquitto/config/mosquitto.conf.
1759911357: Opening ipv4 listen socket on port 1883.
1759911357: Opening ipv6 listen socket on port 1883.
1759911357: Opening websockets listen socket on port 9001.
1759911357: mosquitto version 2.0.22 running
1759913157: Saving in-memory database to /mosquitto/data//mosquitto.db.
1759918456: Saving in-memory database to /mosquitto/data//mosquitto.db.
1759920257: Saving in-memory database to /mosquitto/data//mosquitto.db.
1759922058: Saving in-memory database to /mosquitto/data//mosquitto.db.
1759923859: Saving in-memory database to /mosquitto/data//mosquitto.db.
1759925660: Saving in-memory database to /mosquitto/data//mosquitto.db.
1759927461: Saving in-memory database to /mosquitto/data//mosquitto.db.
1759929262: Saving in-memory database to /mosquitto/data//mosquitto.db.
1759931063: Saving in-memory database to /mosquitto/data//mosquitto.db.
1759932864: Saving in-memory database to /mosquitto/data//mosquitto.db.
1759934665: Saving in-memory database to /mosquitto/data//mosquitto.db.
1759936466: Saving in-memory database to /mosquitto/data//mosquitto.db.
1759938267: Saving in-memory database to /mosquitto/data//mosquitto.db.
1759940068: Saving in-memory database to /mosquitto/data//mosquitto.db.
1759943096: Saving in-memory database to /mosquitto/data//mosquitto.db.
1759946914: Saving in-memory database to /mosquitto/data//mosquitto.db.
1759948715: Saving in-memory database to /mosquitto/data//mosquitto.db.
1759950516: Saving in-memory database to /mosquitto/data//mosquitto.db.
1759952317: Saving in-memory database to /mosquitto/data//mosquitto.db.
1759954118: Saving in-memory database to /mosquitto/data//mosquitto.db.
1759955919: Saving in-memory database to /mosquitto/data//mosquitto.db.
1759957720: Saving in-memory database to /mosquitto/data//mosquitto.db.
1759959521: Saving in-memory database to /mosquitto/data//mosquitto.db.
1759961322: Saving in-memory database to /mosquitto/data//mosquitto.db.
1759963123: Saving in-memory database to /mosquitto/data//mosquitto.db.
1759964924: Saving in-memory database to /mosquitto/data//mosquitto.db.
1759966725: Saving in-memory database to /mosquitto/data//mosquitto.db.
1759968526: Saving in-memory database to /mosquitto/data//mosquitto.db.
1759970327: Saving in-memory database to /mosquitto/data//mosquitto.db.
1759972128: Saving in-memory database to /mosquitto/data//mosquitto.db.
1759973929: Saving in-memory database to /mosquitto/data//mosquitto.db.
1759975730: Saving in-memory database to /mosquitto/data//mosquitto.db.
1759977531: Saving in-memory database to /mosquitto/data//mosquitto.db.
1759980285: Saving in-memory database to /mosquitto/data//mosquitto.db.
1759982086: Saving in-memory database to /mosquitto/data//mosquitto.db.
1759983887: Saving in-memory database to /mosquitto/data//mosquitto.db.
1759991077: Saving in-memory database to /mosquitto/data//mosquitto.db.
1759992600: mosquitto version 2.0.22 terminating
1759992600: Saving in-memory database to /mosquitto/data//mosquitto.db.
1761631619: mosquitto version 2.0.22 starting
1761631619: Config loaded from /mosquitto/config/mosquitto.conf.
1761631619: Opening ipv4 listen socket on port 1883.
1761631619: Opening ipv6 listen socket on port 1883.
1761631619: Opening websockets listen socket on port 9001.
1761631619: mosquitto version 2.0.22 running
1761633419: Saving in-memory database to /mosquitto/data//mosquitto.db.
1761635220: Saving in-memory database to /mosquitto/data//mosquitto.db.
1761637021: Saving in-memory database to /mosquitto/data//mosquitto.db.
1761638822: Saving in-memory database to /mosquitto/data//mosquitto.db.
1761640623: Saving in-memory database to /mosquitto/data//mosquitto.db.
1761642424: Saving in-memory database to /mosquitto/data//mosquitto.db.
1761647095: Saving in-memory database to /mosquitto/data//mosquitto.db.
1761669404: Saving in-memory database to /mosquitto/data//mosquitto.db.
1761683307: Saving in-memory database to /mosquitto/data//mosquitto.db.
1761685430: Saving in-memory database to /mosquitto/data//mosquitto.db.
1761696476: Saving in-memory database to /mosquitto/data//mosquitto.db.
1761727961: Saving in-memory database to /mosquitto/data//mosquitto.db.
1761730903: Saving in-memory database to /mosquitto/data//mosquitto.db.
1761759860: Saving in-memory database to /mosquitto/data//mosquitto.db.
1761794558: Saving in-memory database to /mosquitto/data//mosquitto.db.
1761814550: Saving in-memory database to /mosquitto/data//mosquitto.db.
1761816351: Saving in-memory database to /mosquitto/data//mosquitto.db.
1761818152: Saving in-memory database to /mosquitto/data//mosquitto.db.
1761819953: Saving in-memory database to /mosquitto/data//mosquitto.db.
1761821754: Saving in-memory database to /mosquitto/data//mosquitto.db.
1761824500: Saving in-memory database to /mosquitto/data//mosquitto.db.
1761826301: Saving in-memory database to /mosquitto/data//mosquitto.db.
1761828102: Saving in-memory database to /mosquitto/data//mosquitto.db.
1761829903: Saving in-memory database to /mosquitto/data//mosquitto.db.
1761831704: Saving in-memory database to /mosquitto/data//mosquitto.db.
1761833505: Saving in-memory database to /mosquitto/data//mosquitto.db.
1761835306: Saving in-memory database to /mosquitto/data//mosquitto.db.
1761842734: Saving in-memory database to /mosquitto/data//mosquitto.db.
1761844535: Saving in-memory database to /mosquitto/data//mosquitto.db.
1761846336: Saving in-memory database to /mosquitto/data//mosquitto.db.
1761848137: Saving in-memory database to /mosquitto/data//mosquitto.db.
1761849655: mosquitto version 2.0.22 terminating
1761849655: Saving in-memory database to /mosquitto/data//mosquitto.db.
1761884682: mosquitto version 2.0.22 starting
1761884682: Config loaded from /mosquitto/config/mosquitto.conf.
1761884682: Opening ipv4 listen socket on port 1883.
1761884682: Opening ipv6 listen socket on port 1883.
1761884682: Opening websockets listen socket on port 9001.
1761884682: mosquitto version 2.0.22 running
1761886483: Saving in-memory database to /mosquitto/data//mosquitto.db.
1761891904: Saving in-memory database to /mosquitto/data//mosquitto.db.
1761892154: mosquitto version 2.0.22 terminating
1761892154: Saving in-memory database to /mosquitto/data//mosquitto.db.
1762497061: mosquitto version 2.0.22 starting
1762497061: Config loaded from /mosquitto/config/mosquitto.conf.
1762497061: Opening ipv4 listen socket on port 1883.
1762497061: Opening ipv6 listen socket on port 1883.
1762497061: Opening websockets listen socket on port 9001.
1762497061: mosquitto version 2.0.22 running
1762498862: Saving in-memory database to /mosquitto/data//mosquitto.db.
1762520135: mosquitto version 2.0.22 terminating
1762520135: Saving in-memory database to /mosquitto/data//mosquitto.db.
